2020-12-19 21:58:27,589 [INFO] Activator:178 - 


2020-12-19 21:58:27,634 [INFO] Activator:179 - !SESSION log4j initialized
2020-12-19 22:05:33,786 [INFO] ApplicationProperties:181 - Using Application install path: C:\ST\STM32CubeIDE_1.3.0\STM32CubeIDE\plugins\com.st.stm32cube.common.mx_6.0.1.202008101643
2020-12-19 22:05:33,869 [INFO] DbMcusXml:70 - Set database path to: C:\ST\STM32CubeIDE_1.3.0\STM32CubeIDE\plugins\com.st.stm32cube.common.mx_6.0.1.202008101643\\db\/mcu/
2020-12-19 22:05:33,879 [INFO] DbBoardsPdsc:56 - Set plugin database path to: C:\ST\STM32CubeIDE_1.3.0\STM32CubeIDE\plugins\com.st.stm32cube.common.mx_6.0.1.202008101643\\db\/plugins/boardmanager/
2020-12-19 22:05:33,879 [INFO] DbMcus:258 - Set plugin images path to: C:\ST\STM32CubeIDE_1.3.0\STM32CubeIDE\plugins\com.st.stm32cube.common.mx_6.0.1.202008101643\\db\/plugins/mcufinder/images/
2020-12-19 22:05:33,879 [INFO] DbBoards:264 - Set plugin images path to: C:\ST\STM32CubeIDE_1.3.0\STM32CubeIDE\plugins\com.st.stm32cube.common.mx_6.0.1.202008101643\\db\/plugins/mcufinder/images/
2020-12-19 22:05:33,887 [INFO] DbExamples:326 - Set plugin images path to: C:\ST\STM32CubeIDE_1.3.0\STM32CubeIDE\plugins\com.st.stm32cube.common.mx_6.0.1.202008101643\\db\/plugins/mcufinder/images/
2020-12-19 22:05:34,186 [INFO] DbMcusDocs:112 - Set database path to: C:\Users\yagmu\.stmcufinder\plugins\mcufinder//mcu/
2020-12-19 22:05:34,194 [INFO] DbMcusJson:63 - Set database path to: C:\Users\yagmu\.stmcufinder\plugins\mcufinder//mcu/
2020-12-19 22:05:34,194 [INFO] DbBoardsDocs:112 - Set database path to: C:\Users\yagmu\.stmcufinder\plugins\mcufinder//mcu/
2020-12-19 22:05:34,202 [INFO] DbBoardsJson:56 - Set database path to: C:\Users\yagmu\.stmcufinder\plugins\mcufinder//mcu/
2020-12-19 22:05:34,319 [INFO] CrossReferenceDbSqlite:196 - Set database path to: C:\Users\yagmu\.stmcufinder\plugins\mcufinder//mcu/cs/
2020-12-19 22:05:34,327 [INFO] DbExamplesSqlite:800 - Set database path to: C:\Users\yagmu\.stmcufinder\plugins\mcufinder//mcu/
2020-12-19 22:05:35,039 [INFO] RulesReader:52 - Compatibility file has been processed (209 Rules)
2020-12-19 22:05:35,816 [INFO] MicroXplorer:564 - Detected Java Version = 1.8.0_242
2020-12-19 22:05:35,816 [INFO] DbMcusXml:70 - Set database path to: C:\ST\STM32CubeIDE_1.3.0\STM32CubeIDE\plugins\com.st.stm32cube.common.mx_6.0.1.202008101643\\db\/mcu/
2020-12-19 22:05:35,816 [INFO] DbBoardsPdsc:56 - Set plugin database path to: C:\ST\STM32CubeIDE_1.3.0\STM32CubeIDE\plugins\com.st.stm32cube.common.mx_6.0.1.202008101643\\db\/plugins/boardmanager/
2020-12-19 22:05:35,816 [INFO] DbMcus:258 - Set plugin images path to: C:\ST\STM32CubeIDE_1.3.0\STM32CubeIDE\plugins\com.st.stm32cube.common.mx_6.0.1.202008101643\\db\/plugins/mcufinder/images/
2020-12-19 22:05:35,816 [INFO] DbBoards:264 - Set plugin images path to: C:\ST\STM32CubeIDE_1.3.0\STM32CubeIDE\plugins\com.st.stm32cube.common.mx_6.0.1.202008101643\\db\/plugins/mcufinder/images/
2020-12-19 22:05:35,816 [INFO] DbExamples:326 - Set plugin images path to: C:\ST\STM32CubeIDE_1.3.0\STM32CubeIDE\plugins\com.st.stm32cube.common.mx_6.0.1.202008101643\\db\/plugins/mcufinder/images/
2020-12-19 22:05:35,816 [WARN] DbFile:36 - Overriding database path with different value: C:\Users\yagmu\.stmcufinder\plugins\mcufinder/ => C:\Users\yagmu\.stmcufinder\plugins\mcufinder
2020-12-19 22:05:35,816 [INFO] DbMcusDocs:112 - Set database path to: C:\Users\yagmu\.stmcufinder\plugins\mcufinder//mcu/
2020-12-19 22:05:35,816 [WARN] DbFile:36 - Overriding database path with different value: C:\Users\yagmu\.stmcufinder\plugins\mcufinder/ => C:\Users\yagmu\.stmcufinder\plugins\mcufinder
2020-12-19 22:05:35,816 [INFO] DbMcusJson:63 - Set database path to: C:\Users\yagmu\.stmcufinder\plugins\mcufinder//mcu/
2020-12-19 22:05:35,824 [WARN] DbFile:36 - Overriding database path with different value: C:\Users\yagmu\.stmcufinder\plugins\mcufinder/ => C:\Users\yagmu\.stmcufinder\plugins\mcufinder
2020-12-19 22:05:35,824 [INFO] DbBoardsDocs:112 - Set database path to: C:\Users\yagmu\.stmcufinder\plugins\mcufinder//mcu/
2020-12-19 22:05:35,824 [WARN] DbFile:36 - Overriding database path with different value: C:\Users\yagmu\.stmcufinder\plugins\mcufinder/ => C:\Users\yagmu\.stmcufinder\plugins\mcufinder
2020-12-19 22:05:35,824 [INFO] DbBoardsJson:56 - Set database path to: C:\Users\yagmu\.stmcufinder\plugins\mcufinder//mcu/
2020-12-19 22:05:35,824 [WARN] DbFile:36 - Overriding database path with different value: C:\Users\yagmu\.stmcufinder\plugins\mcufinder/ => C:\Users\yagmu\.stmcufinder\plugins\mcufinder
2020-12-19 22:05:35,824 [WARN] DbFile:36 - Overriding database path with different value: C:\Users\yagmu\.stmcufinder\plugins\mcufinder/ => C:\Users\yagmu\.stmcufinder\plugins\mcufinder
2020-12-19 22:05:35,824 [INFO] CrossReferenceDbSqlite:196 - Set database path to: C:\Users\yagmu\.stmcufinder\plugins\mcufinder//mcu/cs/
2020-12-19 22:05:35,824 [WARN] DbFile:36 - Overriding database path with different value: C:\Users\yagmu\.stmcufinder\plugins\mcufinder/ => C:\Users\yagmu\.stmcufinder\plugins\mcufinder
2020-12-19 22:05:35,824 [INFO] DbExamplesSqlite:800 - Set database path to: C:\Users\yagmu\.stmcufinder\plugins\mcufinder//mcu/
2020-12-19 22:05:36,375 [INFO] MainPanel:189 - HeapMemory: 336592896
2020-12-19 22:05:36,813 [INFO] DbMcusXml:70 - Set database path to: C:\ST\STM32CubeIDE_1.3.0\STM32CubeIDE\plugins\com.st.stm32cube.common.mx_6.0.1.202008101643\\db\/mcu/
2020-12-19 22:05:36,821 [INFO] DbBoardsPdsc:56 - Set plugin database path to: C:\ST\STM32CubeIDE_1.3.0\STM32CubeIDE\plugins\com.st.stm32cube.common.mx_6.0.1.202008101643\\db\/plugins/boardmanager/
2020-12-19 22:05:36,821 [INFO] DbMcus:258 - Set plugin images path to: C:\ST\STM32CubeIDE_1.3.0\STM32CubeIDE\plugins\com.st.stm32cube.common.mx_6.0.1.202008101643\\db\/plugins/mcufinder/images/
2020-12-19 22:05:36,821 [INFO] DbBoards:264 - Set plugin images path to: C:\ST\STM32CubeIDE_1.3.0\STM32CubeIDE\plugins\com.st.stm32cube.common.mx_6.0.1.202008101643\\db\/plugins/mcufinder/images/
2020-12-19 22:05:36,821 [INFO] DbExamples:326 - Set plugin images path to: C:\ST\STM32CubeIDE_1.3.0\STM32CubeIDE\plugins\com.st.stm32cube.common.mx_6.0.1.202008101643\\db\/plugins/mcufinder/images/
2020-12-19 22:05:36,961 [WARN] DbFile:36 - Overriding database path with different value: C:\Users\yagmu\.stmcufinder\plugins\mcufinder/ => C:\Users\yagmu\.stmcufinder\plugins\mcufinder
2020-12-19 22:05:36,961 [INFO] DbMcusDocs:112 - Set database path to: C:\Users\yagmu\.stmcufinder\plugins\mcufinder//mcu/
2020-12-19 22:05:36,961 [WARN] DbFile:36 - Overriding database path with different value: C:\Users\yagmu\.stmcufinder\plugins\mcufinder/ => C:\Users\yagmu\.stmcufinder\plugins\mcufinder
2020-12-19 22:05:36,961 [INFO] DbMcusJson:63 - Set database path to: C:\Users\yagmu\.stmcufinder\plugins\mcufinder//mcu/
2020-12-19 22:05:36,961 [WARN] DbFile:36 - Overriding database path with different value: C:\Users\yagmu\.stmcufinder\plugins\mcufinder/ => C:\Users\yagmu\.stmcufinder\plugins\mcufinder
2020-12-19 22:05:36,961 [INFO] DbBoardsDocs:112 - Set database path to: C:\Users\yagmu\.stmcufinder\plugins\mcufinder//mcu/
2020-12-19 22:05:36,961 [WARN] DbFile:36 - Overriding database path with different value: C:\Users\yagmu\.stmcufinder\plugins\mcufinder/ => C:\Users\yagmu\.stmcufinder\plugins\mcufinder
2020-12-19 22:05:36,961 [INFO] DbBoardsJson:56 - Set database path to: C:\Users\yagmu\.stmcufinder\plugins\mcufinder//mcu/
2020-12-19 22:05:36,969 [WARN] DbFile:36 - Overriding database path with different value: C:\Users\yagmu\.stmcufinder\plugins\mcufinder/ => C:\Users\yagmu\.stmcufinder\plugins\mcufinder
2020-12-19 22:05:36,969 [WARN] DbFile:36 - Overriding database path with different value: C:\Users\yagmu\.stmcufinder\plugins\mcufinder/ => C:\Users\yagmu\.stmcufinder\plugins\mcufinder
2020-12-19 22:05:36,969 [INFO] CrossReferenceDbSqlite:196 - Set database path to: C:\Users\yagmu\.stmcufinder\plugins\mcufinder//mcu/cs/
2020-12-19 22:05:36,969 [WARN] DbFile:36 - Overriding database path with different value: C:\Users\yagmu\.stmcufinder\plugins\mcufinder/ => C:\Users\yagmu\.stmcufinder\plugins\mcufinder
2020-12-19 22:05:36,969 [INFO] DbExamplesSqlite:800 - Set database path to: C:\Users\yagmu\.stmcufinder\plugins\mcufinder//mcu/
2020-12-19 22:05:37,167 [INFO] ApplicationProperties:181 - Using Application install path: C:\ST\STM32CubeIDE_1.3.0\STM32CubeIDE\plugins\com.st.stm32cube.common.mx_6.0.1.202008101643
2020-12-19 22:05:37,167 [INFO] PluginManage:178 - Search for loadable plugins [exclusion list=, ]
2020-12-19 22:05:37,204 [INFO] PluginManage:292 - Check plugin analytics
2020-12-19 22:05:37,600 [INFO] AnalyticsPlugin:203 - Accepted Software Licenses: 
2020-12-19 22:05:37,600 [INFO] AnalyticsPlugin:205 - Accepted CMSIS Pack Licenses: 
2020-12-19 22:05:37,600 [INFO] AnalyticsPlugin:207 - Accepted Firmware Licenses: 
2020-12-19 22:05:37,609 [INFO] PluginManage:342 - Loaded plugin analytics (category:tool,tabindex:-1)
2020-12-19 22:05:37,609 [INFO] PluginManage:292 - Check plugin clock
2020-12-19 22:05:37,809 [INFO] PluginManage:342 - Loaded plugin clock (category:base,tabindex:2)
2020-12-19 22:05:37,809 [INFO] PluginManage:292 - Check plugin ddr
2020-12-19 22:05:37,836 [INFO] PluginManage:342 - Loaded plugin ddr (category:tool,tabindex:6)
2020-12-19 22:05:37,836 [INFO] PluginManage:292 - Check plugin filemanager
2020-12-19 22:05:38,305 [INFO] PluginManage:342 - Loaded plugin filemanager (category:base,tabindex:10)
2020-12-19 22:05:38,305 [INFO] PluginManage:292 - Check plugin ipmanager
2020-12-19 22:05:38,385 [INFO] PluginManage:342 - Loaded plugin ipmanager (category:base,tabindex:5)
2020-12-19 22:05:38,385 [INFO] PluginManage:292 - Check plugin pinoutandconfiguration
2020-12-19 22:05:38,509 [INFO] PluginManage:342 - Loaded plugin pinoutandconfiguration (category:base,tabindex:1)
2020-12-19 22:05:38,509 [INFO] PluginManage:292 - Check plugin pinoutconfig
2020-12-19 22:05:38,979 [INFO] PluginManage:342 - Loaded plugin pinoutconfig (category:base,tabindex:0)
2020-12-19 22:05:38,979 [INFO] PluginManage:292 - Check plugin power
2020-12-19 22:05:39,101 [INFO] PluginManage:342 - Loaded plugin power (category:power,tabindex:4)
2020-12-19 22:05:39,101 [INFO] PluginManage:292 - Check plugin projectmanager
2020-12-19 22:05:39,139 [INFO] PluginManage:342 - Loaded plugin projectmanager (category:projectmanager,tabindex:3)
2020-12-19 22:05:39,139 [INFO] PluginManage:292 - Check plugin thirdparty
2020-12-19 22:05:39,770 [INFO] ThirdPartyDb:333 - Open Third Party DataBase File (C:/Users/yagmu/.stm32cubemx/plugins/thirdparty/db/thirdparties_db.xml) : 141 ms. number of Sw pack : 27
2020-12-19 22:05:39,784 [INFO] PluginManage:342 - Loaded plugin thirdparty (category:base,tabindex:-1)
2020-12-19 22:05:39,784 [INFO] PluginManage:292 - Check plugin tools
2020-12-19 22:05:39,818 [INFO] PluginManage:342 - Loaded plugin tools (category:base,tabindex:7)
2020-12-19 22:05:39,818 [INFO] PluginManage:292 - Check plugin tutovideos
2020-12-19 22:05:40,604 [INFO] PluginManage:342 - Loaded plugin tutovideos (category:base,tabindex:-1)
2020-12-19 22:05:40,604 [INFO] PluginManage:292 - Check plugin updater
2020-12-19 22:05:40,639 [INFO] PluginManage:342 - Loaded plugin updater (category:base,tabindex:12)
2020-12-19 22:05:40,639 [INFO] PluginManage:265 - PluginManage : Loaded plugins [13]
2020-12-19 22:05:41,567 [INFO] PinOutPanel:1418 - setPackage(No Configuration,No Configuration)
2020-12-19 22:05:41,984 [INFO] IPUIPlugin:64 - create IPUIPlugin
2020-12-19 22:05:41,984 [INFO] PluginManager:200 - loadIPPluginJar : add adc
2020-12-19 22:05:42,009 [INFO] IPUIPlugin:64 - create IPUIPlugin
2020-12-19 22:05:42,009 [INFO] PluginManager:200 - loadIPPluginJar : add aes
2020-12-19 22:05:42,046 [INFO] IPUIPlugin:64 - create IPUIPlugin
2020-12-19 22:05:42,046 [INFO] PluginManager:200 - loadIPPluginJar : add can
2020-12-19 22:05:42,079 [INFO] IPUIPlugin:64 - create IPUIPlugin
2020-12-19 22:05:42,079 [INFO] PluginManager:200 - loadIPPluginJar : add comp
2020-12-19 22:05:42,095 [INFO] IPUIPlugin:64 - create IPUIPlugin
2020-12-19 22:05:42,095 [INFO] PluginManager:200 - loadIPPluginJar : add cryp
2020-12-19 22:05:42,111 [INFO] IPUIPlugin:64 - create IPUIPlugin
2020-12-19 22:05:42,111 [INFO] PluginManager:200 - loadIPPluginJar : add dfsdm
2020-12-19 22:05:42,139 [INFO] IPUIPlugin:64 - create IPUIPlugin
2020-12-19 22:05:42,139 [INFO] PluginManager:200 - loadIPPluginJar : add dma
2020-12-19 22:05:42,150 [INFO] IPUIPlugin:64 - create IPUIPlugin
2020-12-19 22:05:42,150 [INFO] PluginManager:200 - loadIPPluginJar : add fatfs
2020-12-19 22:05:42,187 [INFO] IPUIPlugin:64 - create IPUIPlugin
2020-12-19 22:05:42,187 [INFO] PluginManager:200 - loadIPPluginJar : add fmc
2020-12-19 22:05:42,288 [INFO] IPUIPlugin:64 - create IPUIPlugin
2020-12-19 22:05:42,288 [INFO] PluginManager:200 - loadIPPluginJar : add freertos
2020-12-19 22:05:42,329 [INFO] IPUIPlugin:64 - create IPUIPlugin
2020-12-19 22:05:42,329 [INFO] PluginManager:200 - loadIPPluginJar : add genericplugin
2020-12-19 22:05:42,349 [INFO] IPUIPlugin:64 - create IPUIPlugin
2020-12-19 22:05:42,349 [INFO] PluginManager:200 - loadIPPluginJar : add gfxmmu
2020-12-19 22:05:42,389 [INFO] IPUIPlugin:64 - create IPUIPlugin
2020-12-19 22:05:42,389 [INFO] PluginManager:200 - loadIPPluginJar : add gic
2020-12-19 22:05:42,444 [INFO] IPUIPlugin:64 - create IPUIPlugin
2020-12-19 22:05:42,444 [INFO] PluginManager:200 - loadIPPluginJar : add gpio
2020-12-19 22:05:42,491 [INFO] IPUIPlugin:64 - create IPUIPlugin
2020-12-19 22:05:42,491 [INFO] PluginManager:200 - loadIPPluginJar : add gtzc
2020-12-19 22:05:42,527 [INFO] IPUIPlugin:64 - create IPUIPlugin
2020-12-19 22:05:42,527 [INFO] PluginManager:200 - loadIPPluginJar : add hash
2020-12-19 22:05:42,638 [INFO] IPUIPlugin:64 - create IPUIPlugin
2020-12-19 22:05:42,638 [INFO] PluginManager:200 - loadIPPluginJar : add i2c
2020-12-19 22:05:42,666 [INFO] IPUIPlugin:64 - create IPUIPlugin
2020-12-19 22:05:42,666 [INFO] PluginManager:200 - loadIPPluginJar : add i2s
2020-12-19 22:05:42,709 [INFO] IPUIPlugin:64 - create IPUIPlugin
2020-12-19 22:05:42,709 [INFO] PluginManager:200 - loadIPPluginJar : add ipddr
2020-12-19 22:05:42,730 [INFO] IPUIPlugin:64 - create IPUIPlugin
2020-12-19 22:05:42,730 [INFO] PluginManager:200 - loadIPPluginJar : add ltdc
2020-12-19 22:05:42,770 [INFO] IPUIPlugin:64 - create IPUIPlugin
2020-12-19 22:05:42,770 [INFO] PluginManager:200 - loadIPPluginJar : add mdma
2020-12-19 22:05:42,820 [INFO] IPUIPlugin:64 - create IPUIPlugin
2020-12-19 22:05:42,820 [INFO] PluginManager:200 - loadIPPluginJar : add nvic
2020-12-19 22:05:42,848 [INFO] IPUIPlugin:64 - create IPUIPlugin
2020-12-19 22:05:42,848 [INFO] PluginManager:200 - loadIPPluginJar : add opamp
2020-12-19 22:05:42,877 [INFO] IPUIPlugin:64 - create IPUIPlugin
2020-12-19 22:05:42,877 [INFO] PluginManager:200 - loadIPPluginJar : add openamp
2020-12-19 22:05:42,898 [INFO] IPUIPlugin:64 - create IPUIPlugin
2020-12-19 22:05:42,898 [INFO] PluginManager:200 - loadIPPluginJar : add pdm2pcm
2020-12-19 22:05:42,957 [INFO] IPUIPlugin:64 - create IPUIPlugin
2020-12-19 22:05:42,965 [INFO] PluginManager:200 - loadIPPluginJar : add plateformsettings
2020-12-19 22:05:42,981 [INFO] IPUIPlugin:64 - create IPUIPlugin
2020-12-19 22:05:42,981 [INFO] PluginManager:200 - loadIPPluginJar : add quadspi
2020-12-19 22:05:43,089 [INFO] IPUIPlugin:64 - create IPUIPlugin
2020-12-19 22:05:43,096 [INFO] PluginManager:200 - loadIPPluginJar : add resmgrutility
2020-12-19 22:05:43,119 [INFO] IPUIPlugin:64 - create IPUIPlugin
2020-12-19 22:05:43,119 [INFO] PluginManager:200 - loadIPPluginJar : add sai
2020-12-19 22:05:43,156 [INFO] IPUIPlugin:64 - create IPUIPlugin
2020-12-19 22:05:43,156 [INFO] PluginManager:200 - loadIPPluginJar : add spi
2020-12-19 22:05:43,189 [INFO] IPUIPlugin:64 - create IPUIPlugin
2020-12-19 22:05:43,189 [INFO] PluginManager:200 - loadIPPluginJar : add stm32_wpan
2020-12-19 22:05:43,199 [INFO] IPUIPlugin:64 - create IPUIPlugin
2020-12-19 22:05:43,199 [INFO] PluginManager:200 - loadIPPluginJar : add tim
2020-12-19 22:05:43,246 [INFO] IPUIPlugin:64 - create IPUIPlugin
2020-12-19 22:05:43,246 [INFO] PluginManager:200 - loadIPPluginJar : add touchsensing
2020-12-19 22:05:43,263 [INFO] IPUIPlugin:64 - create IPUIPlugin
2020-12-19 22:05:43,263 [INFO] PluginManager:200 - loadIPPluginJar : add tracer_emb
2020-12-19 22:05:43,286 [INFO] IPUIPlugin:64 - create IPUIPlugin
2020-12-19 22:05:43,286 [INFO] PluginManager:200 - loadIPPluginJar : add ts
2020-12-19 22:05:43,299 [INFO] IPUIPlugin:64 - create IPUIPlugin
2020-12-19 22:05:43,299 [INFO] PluginManager:200 - loadIPPluginJar : add tsc
2020-12-19 22:05:43,309 [INFO] IPUIPlugin:64 - create IPUIPlugin
2020-12-19 22:05:43,309 [INFO] PluginManager:200 - loadIPPluginJar : add ucpd
2020-12-19 22:05:43,348 [INFO] IPUIPlugin:64 - create IPUIPlugin
2020-12-19 22:05:43,348 [INFO] PluginManager:200 - loadIPPluginJar : add usart
2020-12-19 22:05:46,317 [INFO] CubeProgrammer:457 - [DDR PANEL] - PathOfProgrammer: null
2020-12-19 22:05:52,264 [FATAL] Updater:282 - Updater called before beeing initialized
2020-12-19 22:05:54,684 [FATAL] Updater:282 - Updater called before beeing initialized
2020-12-19 22:05:54,684 [WARN] ThirdParty:775 - waiting for thirdparty lock release [close project]
2020-12-19 22:05:54,684 [INFO] ThirdParty:777 - entering critical section [close project]
2020-12-19 22:05:54,684 [INFO] ThirdParty:790 - exiting critical section [close project]
2020-12-19 22:05:54,689 [INFO] PinOutPanel:1418 - setPackage(No Configuration,No Configuration)
2020-12-19 22:05:54,700 [FATAL] Updater:282 - Updater called before beeing initialized
2020-12-19 22:05:54,729 [ERROR] Updater:967 - MainUpdater not yet initialized. External WinMGr cannot be set.
2020-12-19 22:05:54,729 [INFO] CubeProgrammer:457 - [DDR PANEL] - PathOfProgrammer: C:\ST\STM32CubeIDE_1.3.0\STM32CubeIDE\plugins\com.st.stm32cube.ide.mcu.externaltools.cubeprogrammer.win32_1.4.0.202007081208\tools\bin
2020-12-19 22:05:54,788 [INFO] ProgrammerExecThread:148 - [ProgrammerAPI] CubeProgrammer command construction: C:\ST\STM32CubeIDE_1.3.0\STM32CubeIDE\plugins\com.st.stm32cube.ide.mcu.externaltools.cubeprogrammer.win32_1.4.0.202007081208\tools\bin\STM32_Programmer_CLI.exe -l
2020-12-19 22:06:10,624 [INFO] MainDdrPanel:49 - [DDR PANEL] SETTER - Set cubeProgrammerPath to: C:\ST\STM32CubeIDE_1.3.0\STM32CubeIDE\plugins\com.st.stm32cube.ide.mcu.externaltools.cubeprogrammer.win32_1.4.0.202007081208\tools\bin
2020-12-19 22:06:11,057 [INFO] Updater:904 - Updater Version found : 6.0.1
2020-12-19 22:06:11,109 [INFO] ApplicationProperties:181 - Using Application install path: C:\ST\STM32CubeIDE_1.3.0\STM32CubeIDE\plugins\com.st.stm32cube.common.mx_6.0.1.202008101643
2020-12-19 22:06:12,485 [INFO] MainUpdater:2268 - connection check result : 10
2020-12-19 22:06:12,493 [INFO] MainUpdater:2935 - Updater definition file requires update
2020-12-19 22:06:12,493 [INFO] MainUpdater:239 - Updater Check For Update Now.
2020-12-19 22:06:12,493 [INFO] MicroXplorer:414 - Change Database Version : DB.6.0.0
2020-12-19 22:06:12,751 [INFO] ServerAccessManage:348 - Download File updaters.zip
2020-12-19 22:06:12,828 [WARN] IntegrityCheckThread:61 - waiting for thirdparty lock release [integrity check]
2020-12-19 22:06:12,828 [INFO] IntegrityCheckThread:63 - entering critical section [integrity check]
2020-12-19 22:06:12,828 [WARN] MainUpdater:1087 - Updater busy. Cannot search thirdparties
2020-12-19 22:06:12,939 [INFO] FileExtend:225 - Unzip File : updaters.zip
2020-12-19 22:06:12,939 [INFO] FileExtend:240 - Standard Zip Deflate
2020-12-19 22:06:15,829 [WARN] MainUpdater:1087 - Updater busy. Cannot search thirdparties
2020-12-19 22:06:16,381 [INFO] ServerAccessManage:348 - Download File PacksControlFlags.xml
2020-12-19 22:06:16,604 [INFO] ServerAccessManage:348 - Download File cubemx.pidx
2020-12-19 22:06:18,640 [INFO] ServerAccessManage:348 - Download File STMicroelectronics.X-CUBE-TOUCHGFX.pdsc
2020-12-19 22:06:18,835 [WARN] MainUpdater:1087 - Updater busy. Cannot search thirdparties
2020-12-19 22:06:19,479 [INFO] CheckServerUpdateThread:102 - End of CheckServer Thread
2020-12-19 22:06:19,570 [INFO] MainUpdater:2268 - connection check result : 10
2020-12-19 22:06:19,610 [INFO] ThirdPartyDb:299 - Save Third Party DataBase File (C:/Users/yagmu/.stm32cubemx/plugins/thirdparty/db/thirdparties_db.xml) [forced]
2020-12-19 22:06:19,704 [INFO] PopulateThirdPartyThread:50 - Ending populate Thread
2020-12-19 22:06:19,704 [INFO] ThirdPartyDb:299 - Save Third Party DataBase File (C:/Users/yagmu/.stm32cubemx/plugins/thirdparty/db/thirdparties_db.xml) [forced]
2020-12-19 22:06:19,815 [INFO] Engine:289 - softwarePackList size : 28
2020-12-19 22:06:20,740 [INFO] ServerAccessManage:348 - Download File mcusDocs.json._tmp_
2020-12-19 22:06:21,379 [INFO] Engine:301 - compute dependency for SwPack X-CUBE-MEMS1 have been done, and update is requested
2020-12-19 22:06:21,838 [WARN] MainUpdater:1087 - Updater busy. Cannot search thirdparties
2020-12-19 22:06:22,059 [INFO] Engine:301 - compute dependency for SwPack X-CUBE-MEMS1 have been done, and update is requested
2020-12-19 22:06:22,085 [INFO] Engine:305 - compute dependency for SwPack FreeRTOS have been done, no update is requested
2020-12-19 22:06:22,085 [INFO] Engine:305 - compute dependency for SwPack lwIP have been done, no update is requested
2020-12-19 22:06:22,085 [INFO] Engine:305 - compute dependency for SwPack lwIP have been done, no update is requested
2020-12-19 22:06:22,085 [INFO] Engine:305 - compute dependency for SwPack MBEDTLS have been done, no update is requested
2020-12-19 22:06:22,085 [INFO] Engine:305 - compute dependency for SwPack MBEDTLS have been done, no update is requested
2020-12-19 22:06:22,085 [INFO] Engine:305 - compute dependency for SwPack PDM2PCM have been done, no update is requested
2020-12-19 22:06:22,085 [INFO] Engine:305 - compute dependency for SwPack PDM2PCM have been done, no update is requested
2020-12-19 22:06:22,085 [INFO] Engine:305 - compute dependency for SwPack PDM2PCM have been done, no update is requested
2020-12-19 22:06:22,099 [INFO] Engine:305 - compute dependency for SwPack USB_DEVICE have been done, no update is requested
2020-12-19 22:06:22,099 [INFO] Engine:305 - compute dependency for SwPack USB_DEVICE have been done, no update is requested
2020-12-19 22:06:22,099 [INFO] Engine:305 - compute dependency for SwPack USB_DEVICE have been done, no update is requested
2020-12-19 22:06:22,104 [INFO] Engine:305 - compute dependency for SwPack USB_HOST have been done, no update is requested
2020-12-19 22:06:22,104 [INFO] Engine:305 - compute dependency for SwPack USB_HOST have been done, no update is requested
2020-12-19 22:06:22,169 [INFO] Engine:301 - compute dependency for SwPack X-CUBE-AI have been done, and update is requested
2020-12-19 22:06:22,189 [INFO] Engine:301 - compute dependency for SwPack X-CUBE-BLE1 have been done, and update is requested
2020-12-19 22:06:22,205 [INFO] Engine:301 - compute dependency for SwPack X-CUBE-BLE2 have been done, and update is requested
2020-12-19 22:06:22,219 [INFO] Engine:301 - compute dependency for SwPack X-CUBE-DISPLAY have been done, and update is requested
2020-12-19 22:06:22,249 [INFO] Engine:301 - compute dependency for SwPack X-CUBE-EEPRMA1 have been done, and update is requested
2020-12-19 22:06:22,268 [INFO] Engine:301 - compute dependency for SwPack X-CUBE-GNSS1 have been done, and update is requested
2020-12-19 22:06:23,429 [INFO] Engine:301 - compute dependency for SwPack X-CUBE-MEMS1 have been done, and update is requested
2020-12-19 22:06:23,459 [INFO] Engine:301 - compute dependency for SwPack X-CUBE-NFC4 have been done, and update is requested
2020-12-19 22:06:23,500 [INFO] Engine:301 - compute dependency for SwPack X-CUBE-SFXS2LP1 have been done, and update is requested
2020-12-19 22:06:23,549 [INFO] Engine:301 - compute dependency for SwPack X-CUBE-SUBG2 have been done, and update is requested
2020-12-19 22:06:23,590 [INFO] Engine:305 - compute dependency for SwPack X-CUBE-TOUCHGFX have been done, no update is requested
2020-12-19 22:06:23,604 [INFO] Engine:301 - compute dependency for SwPack X-CUBE-BLE2 have been done, and update is requested
2020-12-19 22:06:23,627 [INFO] Engine:305 - compute dependency for SwPack X-CUBE-TOUCHGFX have been done, no update is requested
2020-12-19 22:06:23,629 [INFO] ThirdPartyDb:299 - Save Third Party DataBase File (C:/Users/yagmu/.stm32cubemx/plugins/thirdparty/db/thirdparties_db.xml) [forced]
2020-12-19 22:06:23,688 [INFO] LoadServerUpdatesThread:309 - End of LoadServerUpdate Thread
2020-12-19 22:06:24,840 [WARN] MainUpdater:1087 - Updater busy. Cannot search thirdparties
2020-12-19 22:06:24,939 [INFO] LoadUrlFilesThread:135 - End of LoadUrlFiles Thread
2020-12-19 22:06:25,210 [INFO] ServerAccessManage:348 - Download File mcusFeaturesAndDescription.json._tmp_
2020-12-19 22:06:27,845 [WARN] MainUpdater:1087 - Updater busy. Cannot search thirdparties
2020-12-19 22:06:30,845 [WARN] MainUpdater:1087 - Updater busy. Cannot search thirdparties
2020-12-19 22:06:33,847 [WARN] MainUpdater:1087 - Updater busy. Cannot search thirdparties
2020-12-19 22:06:36,847 [WARN] MainUpdater:1087 - Updater busy. Cannot search thirdparties
2020-12-19 22:06:38,028 [ERROR] WebUtils:615 - Updater is busy
2020-12-19 22:06:38,028 [ERROR] WebUtils:615 - Updater is busy
2020-12-19 22:06:38,030 [INFO] LoadUrlFilesThread:135 - End of LoadUrlFiles Thread
2020-12-19 22:06:39,169 [INFO] ServerAccessManage:348 - Download File cube-finder-db.zip
2020-12-19 22:06:39,850 [WARN] MainUpdater:1087 - Updater busy. Cannot search thirdparties
2020-12-19 22:06:42,855 [WARN] MainUpdater:1087 - Updater busy. Cannot search thirdparties
2020-12-19 22:06:45,855 [WARN] MainUpdater:1087 - Updater busy. Cannot search thirdparties
2020-12-19 22:06:48,859 [WARN] MainUpdater:1087 - Updater busy. Cannot search thirdparties
2020-12-19 22:06:51,866 [WARN] MainUpdater:1087 - Updater busy. Cannot search thirdparties
2020-12-19 22:06:54,869 [WARN] MainUpdater:1087 - Updater busy. Cannot search thirdparties
2020-12-19 22:06:57,873 [ERROR] IntegrityCheckThread:67 - Unexpected exception IntegrityCheckThread Thread:
2020-12-19 22:06:57,873 [ERROR] IntegrityCheckThread:70 - java.lang.Exception: Updater error
	at com.st.microxplorer.plugins.thirdparty.engine.IntegrityCheckThread.getUpdaterThirdPartyList(IntegrityCheckThread.java:296)
	at com.st.microxplorer.plugins.thirdparty.engine.IntegrityCheckThread.runProcess(IntegrityCheckThread.java:84)
	at com.st.microxplorer.plugins.thirdparty.engine.IntegrityCheckThread.run(IntegrityCheckThread.java:65)

2020-12-19 22:06:57,873 [INFO] ThirdPartyDb:299 - Save Third Party DataBase File (C:/Users/yagmu/.stm32cubemx/plugins/thirdparty/db/thirdparties_db.xml) [forced]
2020-12-19 22:06:57,915 [INFO] IntegrityCheckThread:76 - exiting critical section [integrity check]
2020-12-19 22:06:57,915 [INFO] IntegrityCheckThread:79 - End integrity checks thread
2020-12-19 22:07:08,318 [INFO] FileExtend:225 - Unzip File : cube-finder-db.zip
2020-12-19 22:07:08,326 [INFO] FileExtend:240 - Standard Zip Deflate
2020-12-19 22:07:10,719 [INFO] LoadUrlFilesThread:135 - End of LoadUrlFiles Thread
2020-12-19 22:07:12,417 [INFO] ServerAccessManage:348 - Download File crdb.zip
2020-12-19 22:07:12,529 [INFO] FileExtend:225 - Unzip File : crdb.zip
2020-12-19 22:07:12,529 [INFO] FileExtend:240 - Standard Zip Deflate
2020-12-19 22:07:12,577 [INFO] LoadUrlFilesThread:135 - End of LoadUrlFiles Thread
2020-12-19 22:07:13,700 [INFO] ServerAccessManage:348 - Download File tutoVideoDB.zip
2020-12-19 22:07:14,010 [INFO] FileExtend:225 - Unzip File : tutoVideoDB.zip
2020-12-19 22:07:14,010 [INFO] FileExtend:240 - Standard Zip Deflate
2020-12-19 22:07:14,039 [INFO] LoadUrlFilesThread:135 - End of LoadUrlFiles Thread
2020-12-19 22:07:14,195 [INFO] DbMcusDocs:145 - JSON generation date=Wed Dec 09 20:22:40 EET 2020 (1607534560)
2020-12-19 22:07:14,220 [INFO] DbMcusXml:100 - Load MCU database from C:\ST\STM32CubeIDE_1.3.0\STM32CubeIDE\plugins\com.st.stm32cube.common.mx_6.0.1.202008101643\\db\/mcu/families.xml
2020-12-19 22:07:16,422 [INFO] DbMcusJson:92 - JSON generation date=Wed Dec 09 20:22:40 EET 2020 (1607534560)
2020-12-19 22:07:18,339 [INFO] DbMcus:175 - Found 1761 MCUs (1722 are supported by CubeMX, 1752 are visible in CubeMX)
2020-12-19 22:07:18,400 [INFO] ApiDb:201 - Load user favorites file C:\Users\yagmu/.stm32cubemx/favorites.mcus.txt: 0 item(s)
2020-12-19 22:07:18,400 [INFO] ApiDb:205 - User favorites MCUs=[]
2020-12-19 22:07:18,400 [INFO] DbMcus:187 - Set 0 / 0 favorites MCUs
2020-12-19 22:07:18,984 [INFO] DbMcusDocs:81 - Found 612 MCUs documents
2020-12-19 22:07:18,999 [INFO] ApiDb:226 - Save user favorites file C:\Users\yagmu/.stm32cubemx/favorites.mcus.txt: 0 item(s)
2020-12-19 22:07:18,999 [INFO] ApiDb:230 - User favorites MCUs=[]
2020-12-19 22:07:18,999 [INFO] DbMcusXml:100 - Load MCU database from C:\ST\STM32CubeIDE_1.3.0\STM32CubeIDE\plugins\com.st.stm32cube.common.mx_6.0.1.202008101643\\db\/mcu/families.xml
2020-12-19 22:07:20,601 [INFO] DbMcusJson:92 - JSON generation date=Wed Dec 09 20:22:40 EET 2020 (1607534560)
2020-12-19 22:07:21,260 [INFO] DbMcus:175 - Found 1761 MCUs (1722 are supported by CubeMX, 1752 are visible in CubeMX)
2020-12-19 22:07:21,260 [INFO] ApiDb:201 - Load user favorites file C:\Users\yagmu/.stm32cubemx/favorites.mcus.txt: 0 item(s)
2020-12-19 22:07:21,260 [INFO] ApiDb:205 - User favorites MCUs=[]
2020-12-19 22:07:21,260 [INFO] DbMcus:187 - Set 0 / 0 favorites MCUs
2020-12-19 22:07:21,297 [ERROR] DbUtils:114 - File not found: C:\Users\yagmu\.stmcufinder\plugins\mcufinder//mcu/boardsDocs.json._tmp_
2020-12-19 22:07:21,297 [WARN] DbUtils:163 - success is not a boolean!
2020-12-19 22:07:21,297 [ERROR] DbBoardsDocs:83 - No boards documents found !
2020-12-19 22:07:21,297 [ERROR] DbFile:108 - Temporary file not found: C:\Users\yagmu\.stmcufinder\plugins\mcufinder\mcu\boardsDocs.json._tmp_
2020-12-19 22:07:21,424 [INFO] DbBoardsDocs:145 - JSON generation date=Thu Nov 05 19:05:07 EET 2020 (1604592307)
2020-12-19 22:07:21,579 [INFO] DbBoardsPdsc:94 - Found 23 items
2020-12-19 22:07:21,609 [INFO] DbBoardsPdsc:94 - Found 9 items
2020-12-19 22:07:21,654 [INFO] DbBoardsPdsc:94 - Found 29 items
2020-12-19 22:07:21,819 [INFO] DbBoardsPdsc:94 - Found 1 items
2020-12-19 22:07:21,860 [INFO] DbBoardsPdsc:94 - Found 44 items
2020-12-19 22:07:21,942 [INFO] DbBoardsPdsc:94 - Found 40 items
2020-12-19 22:07:22,000 [INFO] DbBoardsPdsc:94 - Found 2 items
2020-12-19 22:07:22,039 [INFO] DbBoardsPdsc:94 - Found 4 items
2020-12-19 22:07:22,089 [WARN] DbBoardsPdsc:258 - Board STM32H7B3I-DK: unknown feature type=Audio, name=, username=Audio stereo codec with Headphone Amp (CS42L51-CNZ), n=1
2020-12-19 22:07:22,089 [WARN] DbBoardsPdsc:258 - Board STM32H735G-DK: unknown feature type=Audio, name=, username=Audio stereo codec with Headphone Amp (WM8994ECS/R), n=1
2020-12-19 22:07:22,098 [WARN] DbBoardsPdsc:258 - Board STM32H7B3I-EVAL: unknown feature type=Audio, name=, username=Multi-Channel Audio Codec (CS42L51-CNZ), n=1
2020-12-19 22:07:22,098 [WARN] DbBoardsPdsc:258 - Board STM32H7B3I-EVAL: unknown feature type=Meter, name=, username=Power-metering and Temperature-monitoring with sigma-delta modulators, n=1
2020-12-19 22:07:22,098 [WARN] DbBoardsPdsc:258 - Board STM32H7B3I-EVAL: unknown feature type=Motor, name=, username=Motor Control, n=1
2020-12-19 22:07:22,098 [ERROR] DbUtils:114 - File not found: C:\Users\yagmu\.stmcufinder\plugins\mcufinder//mcu/boards.json._tmp_
2020-12-19 22:07:22,098 [WARN] DbUtils:163 - success is not a boolean!
2020-12-19 22:07:22,098 [ERROR] DbFile:108 - Temporary file not found: C:\Users\yagmu\.stmcufinder\plugins\mcufinder\mcu\boards.json._tmp_
2020-12-19 22:07:22,098 [INFO] DbBoards:117 - Found 152 boards (149 are supported by CubeMX)
2020-12-19 22:07:22,120 [INFO] DbBoardsDocs:145 - JSON generation date=Thu Nov 05 19:05:07 EET 2020 (1604592307)
2020-12-19 22:07:22,134 [ERROR] DbBoardsDocs:83 - No boards documents found !
2020-12-19 22:07:22,149 [INFO] DbBoardsDocs:145 - JSON generation date=Thu Nov 05 19:05:07 EET 2020 (1604592307)
2020-12-19 22:07:22,167 [ERROR] DbBoardsDocs:83 - No boards documents found !
2020-12-19 22:07:22,169 [WARN] DbBoards:127 - board B-G474E-DPOW1 has no document id list !
2020-12-19 22:07:22,169 [WARN] DbBoards:127 - board B-L072Z-LRWAN1 has no document id list !
2020-12-19 22:07:22,190 [WARN] DbBoards:127 - board B-L462E-CELL1 has no document id list !
2020-12-19 22:07:22,190 [WARN] DbBoards:127 - board B-L475E-IOT01A1 has no document id list !
2020-12-19 22:07:22,190 [WARN] DbBoards:127 - board B-L475E-IOT01A2 has no document id list !
2020-12-19 22:07:22,190 [WARN] DbBoards:127 - board B-L4S5I-IOT01A has no document id list !
2020-12-19 22:07:22,190 [WARN] DbBoards:127 - board NUCLEO-F030R8 has no document id list !
2020-12-19 22:07:22,190 [WARN] DbBoards:127 - board NUCLEO-F031K6 has no document id list !
2020-12-19 22:07:22,190 [WARN] DbBoards:127 - board NUCLEO-F042K6 has no document id list !
2020-12-19 22:07:22,190 [WARN] DbBoards:127 - board NUCLEO-F070RB has no document id list !
2020-12-19 22:07:22,190 [WARN] DbBoards:127 - board NUCLEO-F072RB has no document id list !
2020-12-19 22:07:22,190 [WARN] DbBoards:127 - board NUCLEO-F091RC has no document id list !
2020-12-19 22:07:22,190 [WARN] DbBoards:127 - board NUCLEO-F103RB has no document id list !
2020-12-19 22:07:22,190 [WARN] DbBoards:127 - board NUCLEO-F207ZG has no document id list !
2020-12-19 22:07:22,190 [WARN] DbBoards:127 - board NUCLEO-F302R8 has no document id list !
2020-12-19 22:07:22,190 [WARN] DbBoards:127 - board NUCLEO-F303K8 has no document id list !
2020-12-19 22:07:22,190 [WARN] DbBoards:127 - board NUCLEO-F303RE has no document id list !
2020-12-19 22:07:22,190 [WARN] DbBoards:127 - board NUCLEO-F303ZE has no document id list !
2020-12-19 22:07:22,190 [WARN] DbBoards:127 - board NUCLEO-F334R8 has no document id list !
2020-12-19 22:07:22,190 [WARN] DbBoards:127 - board NUCLEO-F401RE has no document id list !
2020-12-19 22:07:22,190 [WARN] DbBoards:127 - board NUCLEO-F410RB has no document id list !
2020-12-19 22:07:22,190 [WARN] DbBoards:127 - board NUCLEO-F411RE has no document id list !
2020-12-19 22:07:22,190 [WARN] DbBoards:127 - board NUCLEO-F412ZG has no document id list !
2020-12-19 22:07:22,190 [WARN] DbBoards:127 - board NUCLEO-F413ZH has no document id list !
2020-12-19 22:07:22,190 [WARN] DbBoards:127 - board NUCLEO-F429ZI has no document id list !
2020-12-19 22:07:22,190 [WARN] DbBoards:127 - board NUCLEO-F439ZI has no document id list !
2020-12-19 22:07:22,190 [WARN] DbBoards:127 - board NUCLEO-F446RE has no document id list !
2020-12-19 22:07:22,190 [WARN] DbBoards:127 - board NUCLEO-F446ZE has no document id list !
2020-12-19 22:07:22,190 [WARN] DbBoards:127 - board NUCLEO-F722ZE has no document id list !
2020-12-19 22:07:22,190 [WARN] DbBoards:127 - board NUCLEO-F746ZG has no document id list !
2020-12-19 22:07:22,190 [WARN] DbBoards:127 - board NUCLEO-F767ZI has no document id list !
2020-12-19 22:07:22,190 [WARN] DbBoards:127 - board NUCLEO-G031K8 has no document id list !
2020-12-19 22:07:22,190 [WARN] DbBoards:127 - board NUCLEO-G070RB has no document id list !
2020-12-19 22:07:22,190 [WARN] DbBoards:127 - board NUCLEO-G071RB has no document id list !
2020-12-19 22:07:22,190 [WARN] DbBoards:127 - board NUCLEO-G431KB has no document id list !
2020-12-19 22:07:22,190 [WARN] DbBoards:127 - board NUCLEO-G431RB has no document id list !
2020-12-19 22:07:22,190 [WARN] DbBoards:127 - board NUCLEO-G474RE has no document id list !
2020-12-19 22:07:22,190 [WARN] DbBoards:127 - board NUCLEO-G491RE has no document id list !
2020-12-19 22:07:22,190 [WARN] DbBoards:127 - board NUCLEO-H723ZG has no document id list !
2020-12-19 22:07:22,190 [WARN] DbBoards:127 - board NUCLEO-H743ZI has no document id list !
2020-12-19 22:07:22,190 [WARN] DbBoards:127 - board NUCLEO-H743ZI2 has no document id list !
2020-12-19 22:07:22,190 [WARN] DbBoards:127 - board NUCLEO-H745ZI-Q has no document id list !
2020-12-19 22:07:22,190 [WARN] DbBoards:127 - board NUCLEO-H753ZI has no document id list !
2020-12-19 22:07:22,190 [WARN] DbBoards:127 - board NUCLEO-H755ZI-Q has no document id list !
2020-12-19 22:07:22,190 [WARN] DbBoards:127 - board NUCLEO-H7A3ZI-Q has no document id list !
2020-12-19 22:07:22,190 [WARN] DbBoards:127 - board NUCLEO-L010RB has no document id list !
2020-12-19 22:07:22,190 [WARN] DbBoards:127 - board NUCLEO-L011K4 has no document id list !
2020-12-19 22:07:22,190 [WARN] DbBoards:127 - board NUCLEO-L031K6 has no document id list !
2020-12-19 22:07:22,190 [WARN] DbBoards:127 - board NUCLEO-L053R8 has no document id list !
2020-12-19 22:07:22,190 [WARN] DbBoards:127 - board NUCLEO-L073RZ has no document id list !
2020-12-19 22:07:22,190 [WARN] DbBoards:127 - board NUCLEO-L152RE has no document id list !
2020-12-19 22:07:22,190 [WARN] DbBoards:127 - board NUCLEO-L412KB has no document id list !
2020-12-19 22:07:22,190 [WARN] DbBoards:127 - board NUCLEO-L412RB-P has no document id list !
2020-12-19 22:07:22,190 [WARN] DbBoards:127 - board NUCLEO-L432KC has no document id list !
2020-12-19 22:07:22,190 [WARN] DbBoards:127 - board NUCLEO-L433RC-P has no document id list !
2020-12-19 22:07:22,190 [WARN] DbBoards:127 - board NUCLEO-L452RE has no document id list !
2020-12-19 22:07:22,190 [WARN] DbBoards:127 - board NUCLEO-L452RE-P has no document id list !
2020-12-19 22:07:22,190 [WARN] DbBoards:127 - board NUCLEO-L476RG has no document id list !
2020-12-19 22:07:22,190 [WARN] DbBoards:127 - board NUCLEO-L496ZG has no document id list !
2020-12-19 22:07:22,190 [WARN] DbBoards:127 - board NUCLEO-L496ZG-P has no document id list !
2020-12-19 22:07:22,190 [WARN] DbBoards:127 - board NUCLEO-L4P5ZG has no document id list !
2020-12-19 22:07:22,190 [WARN] DbBoards:127 - board NUCLEO-L4R5ZI has no document id list !
2020-12-19 22:07:22,190 [WARN] DbBoards:127 - board NUCLEO-L4R5ZI-P has no document id list !
2020-12-19 22:07:22,190 [WARN] DbBoards:127 - board NUCLEO-L552ZE-Q has no document id list !
2020-12-19 22:07:22,190 [WARN] DbBoards:127 - board NUCLEO-WB55RG has no document id list !
2020-12-19 22:07:22,190 [WARN] DbBoards:127 - board P-NUCLEO-WB55 has no document id list !
2020-12-19 22:07:22,190 [WARN] DbBoards:127 - board P-NUCLEO-WB55-Nucleo has no document id list !
2020-12-19 22:07:22,190 [WARN] DbBoards:127 - board P-NUCLEO-WB55-USBDongle has no document id list !
2020-12-19 22:07:22,190 [WARN] DbBoards:127 - board STEVAL-BFA001V1B has no document id list !
2020-12-19 22:07:22,190 [WARN] DbBoards:127 - board STEVAL-BFA001V2B has no document id list !
2020-12-19 22:07:22,190 [WARN] DbBoards:127 - board STEVAL-IDP005V1 has no document id list !
2020-12-19 22:07:22,190 [WARN] DbBoards:127 - board STEVAL-IDP005V2 has no document id list !
2020-12-19 22:07:22,190 [WARN] DbBoards:127 - board STEVAL-MKSBOX1V1 has no document id list !
2020-12-19 22:07:22,190 [WARN] DbBoards:127 - board STEVAL-STWINKT1 has no document id list !
2020-12-19 22:07:22,199 [WARN] DbBoards:127 - board STM32072B-EVAL has no document id list !
2020-12-19 22:07:22,199 [WARN] DbBoards:127 - board STM32091C-EVAL has no document id list !
2020-12-19 22:07:22,199 [WARN] DbBoards:127 - board STM32100E-EVAL has no document id list !
2020-12-19 22:07:22,199 [WARN] DbBoards:127 - board STM3210C-EVAL has no document id list !
2020-12-19 22:07:22,199 [WARN] DbBoards:127 - board STM3210E-EVAL has no document id list !
2020-12-19 22:07:22,199 [WARN] DbBoards:127 - board STM3220G-EVAL has no document id list !
2020-12-19 22:07:22,199 [WARN] DbBoards:127 - board STM3221G-EVAL has no document id list !
2020-12-19 22:07:22,199 [WARN] DbBoards:127 - board STM32303C-EVAL has no document id list !
2020-12-19 22:07:22,199 [WARN] DbBoards:127 - board STM32303E-EVAL has no document id list !
2020-12-19 22:07:22,199 [WARN] DbBoards:127 - board STM32373C-EVAL has no document id list !
2020-12-19 22:07:22,199 [WARN] DbBoards:127 - board STM3240G-EVAL has no document id list !
2020-12-19 22:07:22,199 [WARN] DbBoards:127 - board STM3241G-EVAL has no document id list !
2020-12-19 22:07:22,199 [WARN] DbBoards:127 - board STM32429I-EVAL1 has no document id list !
2020-12-19 22:07:22,199 [WARN] DbBoards:127 - board STM32439I-EVAL2 has no document id list !
2020-12-19 22:07:22,199 [WARN] DbBoards:127 - board STM32446E-EVAL has no document id list !
2020-12-19 22:07:22,199 [WARN] DbBoards:127 - board STM32469I-EVAL has no document id list !
2020-12-19 22:07:22,199 [WARN] DbBoards:127 - board STM32479I-EVAL has no document id list !
2020-12-19 22:07:22,199 [WARN] DbBoards:127 - board STM32746G-EVAL2 has no document id list !
2020-12-19 22:07:22,199 [WARN] DbBoards:127 - board STM32756G-EVAL2 has no document id list !
2020-12-19 22:07:22,199 [WARN] DbBoards:127 - board STM32F0308-DISCO has no document id list !
2020-12-19 22:07:22,199 [WARN] DbBoards:127 - board STM32F072B-DISCO has no document id list !
2020-12-19 22:07:22,199 [WARN] DbBoards:127 - board STM32F0DISCOVERY has no document id list !
2020-12-19 22:07:22,199 [WARN] DbBoards:127 - board STM32F3348-DISCO has no document id list !
2020-12-19 22:07:22,199 [WARN] DbBoards:127 - board STM32F3DISCOVERY has no document id list !
2020-12-19 22:07:22,199 [WARN] DbBoards:127 - board STM32F401C-DISCO has no document id list !
2020-12-19 22:07:22,199 [WARN] DbBoards:127 - board STM32F407G-DISC1 has no document id list !
2020-12-19 22:07:22,199 [WARN] DbBoards:127 - board STM32F411E-DISCO has no document id list !
2020-12-19 22:07:22,199 [WARN] DbBoards:127 - board STM32F412G-DISCO has no document id list !
2020-12-19 22:07:22,199 [WARN] DbBoards:127 - board STM32F413H-DISCO has no document id list !
2020-12-19 22:07:22,199 [WARN] DbBoards:127 - board STM32F429I-DISC1 has no document id list !
2020-12-19 22:07:22,199 [WARN] DbBoards:127 - board STM32F469I-DISCO has no document id list !
2020-12-19 22:07:22,199 [WARN] DbBoards:127 - board STM32F723E-DISCO has no document id list !
2020-12-19 22:07:22,199 [WARN] DbBoards:127 - board STM32F7308-DK has no document id list !
2020-12-19 22:07:22,199 [WARN] DbBoards:127 - board STM32F746G-DISCO has no document id list !
2020-12-19 22:07:22,199 [WARN] DbBoards:127 - board STM32F7508-DK has no document id list !
2020-12-19 22:07:22,199 [WARN] DbBoards:127 - board STM32F769I-DISC1 has no document id list !
2020-12-19 22:07:22,199 [WARN] DbBoards:127 - board STM32F769I-DISCO has no document id list !
2020-12-19 22:07:22,199 [WARN] DbBoards:127 - board STM32F769I-EVAL has no document id list !
2020-12-19 22:07:22,199 [WARN] DbBoards:127 - board STM32F779I-EVAL has no document id list !
2020-12-19 22:07:22,199 [WARN] DbBoards:127 - board STM32G0316-DISCO has no document id list !
2020-12-19 22:07:22,199 [WARN] DbBoards:127 - board STM32G071B-DISCO has no document id list !
2020-12-19 22:07:22,199 [WARN] DbBoards:127 - board STM32G081B-EVAL has no document id list !
2020-12-19 22:07:22,199 [WARN] DbBoards:127 - board STM32G474E-EVAL has no document id list !
2020-12-19 22:07:22,199 [WARN] DbBoards:127 - board STM32G474E-EVAL1 has no document id list !
2020-12-19 22:07:22,199 [WARN] DbBoards:127 - board STM32G484E-EVAL has no document id list !
2020-12-19 22:07:22,199 [WARN] DbBoards:127 - board STM32H735G-DK has no document id list !
2020-12-19 22:07:22,199 [WARN] DbBoards:127 - board STM32H743I-EVAL has no document id list !
2020-12-19 22:07:22,199 [WARN] DbBoards:127 - board STM32H743I-EVAL2 has no document id list !
2020-12-19 22:07:22,199 [WARN] DbBoards:127 - board STM32H745I-DISCO has no document id list !
2020-12-19 22:07:22,199 [WARN] DbBoards:127 - board STM32H747I-DISC1 has no document id list !
2020-12-19 22:07:22,199 [WARN] DbBoards:127 - board STM32H747I-DISCO has no document id list !
2020-12-19 22:07:22,199 [WARN] DbBoards:127 - board STM32H747I-EVAL has no document id list !
2020-12-19 22:07:22,199 [WARN] DbBoards:127 - board STM32H750B-DK has no document id list !
2020-12-19 22:07:22,199 [WARN] DbBoards:127 - board STM32H753I-EVAL has no document id list !
2020-12-19 22:07:22,199 [WARN] DbBoards:127 - board STM32H753I-EVAL2 has no document id list !
2020-12-19 22:07:22,199 [WARN] DbBoards:127 - board STM32H757I-EVAL has no document id list !
2020-12-19 22:07:22,199 [WARN] DbBoards:127 - board STM32H7B3I-DK has no document id list !
2020-12-19 22:07:22,199 [WARN] DbBoards:127 - board STM32H7B3I-EVAL has no document id list !
2020-12-19 22:07:22,199 [WARN] DbBoards:127 - board STM32L-DISCOVERY has no document id list !
2020-12-19 22:07:22,199 [WARN] DbBoards:127 - board STM32L0538-DISCO has no document id list !
2020-12-19 22:07:22,199 [WARN] DbBoards:127 - board STM32L073Z-EVAL has no document id list !
2020-12-19 22:07:22,199 [WARN] DbBoards:127 - board STM32L100C-DISCO has no document id list !
2020-12-19 22:07:22,207 [WARN] DbBoards:127 - board STM32L152C-DISCO has no document id list !
2020-12-19 22:07:22,207 [WARN] DbBoards:127 - board STM32L152D-EVAL has no document id list !
2020-12-19 22:07:22,207 [WARN] DbBoards:127 - board STM32L476G-DISCO has no document id list !
2020-12-19 22:07:22,207 [WARN] DbBoards:127 - board STM32L476G-EVAL has no document id list !
2020-12-19 22:07:22,207 [WARN] DbBoards:127 - board STM32L496G-DISCO has no document id list !
2020-12-19 22:07:22,207 [WARN] DbBoards:127 - board STM32L4P5G-DK has no document id list !
2020-12-19 22:07:22,207 [WARN] DbBoards:127 - board STM32L4R9I-DISCO has no document id list !
2020-12-19 22:07:22,207 [WARN] DbBoards:127 - board STM32L4R9I-EVAL has no document id list !
2020-12-19 22:07:22,207 [WARN] DbBoards:127 - board STM32L552E-EV has no document id list !
2020-12-19 22:07:22,207 [WARN] DbBoards:127 - board STM32L562E-DK has no document id list !
2020-12-19 22:07:22,207 [WARN] DbBoards:127 - board STM32MP157A-DK1 has no document id list !
2020-12-19 22:07:22,207 [WARN] DbBoards:127 - board STM32MP157A-EV1 has no document id list !
2020-12-19 22:07:22,207 [WARN] DbBoards:127 - board STM32MP157C-DK2 has no document id list !
2020-12-19 22:07:22,207 [WARN] DbBoards:127 - board STM32MP157C-EV1 has no document id list !
2020-12-19 22:07:22,207 [WARN] DbBoards:127 - board STM32MP157F-EV1 has no document id list !
2020-12-19 22:07:22,207 [WARN] DbBoards:127 - board STM32VLDISCOVERY has no document id list !
2020-12-19 22:07:22,758 [ERROR] DbBoards:192 - No image file URL for board B-L462E-CELL1
2020-12-19 22:07:28,660 [INFO] ApiDb:201 - Load user favorites file C:\Users\yagmu/.stm32cubemx/favorites.boards.txt: 0 item(s)
2020-12-19 22:07:28,660 [INFO] ApiDb:205 - User favorites Boards=[]
2020-12-19 22:07:28,660 [INFO] DbBoards:206 - Set 0 / 0 favorites Boards
2020-12-19 22:07:28,669 [ERROR] DbBoardsDocs:83 - No boards documents found !
2020-12-19 22:07:28,669 [INFO] ApiDb:226 - Save user favorites file C:\Users\yagmu/.stm32cubemx/favorites.boards.txt: 0 item(s)
2020-12-19 22:07:28,669 [INFO] ApiDb:230 - User favorites Boards=[]
2020-12-19 22:07:28,679 [INFO] DbBoardsPdsc:94 - Found 23 items
2020-12-19 22:07:28,679 [INFO] DbBoardsPdsc:94 - Found 9 items
2020-12-19 22:07:28,687 [INFO] DbBoardsPdsc:94 - Found 29 items
2020-12-19 22:07:28,687 [INFO] DbBoardsPdsc:94 - Found 1 items
2020-12-19 22:07:28,695 [INFO] DbBoardsPdsc:94 - Found 44 items
2020-12-19 22:07:28,703 [INFO] DbBoardsPdsc:94 - Found 40 items
2020-12-19 22:07:28,703 [INFO] DbBoardsPdsc:94 - Found 2 items
2020-12-19 22:07:28,703 [INFO] DbBoardsPdsc:94 - Found 4 items
2020-12-19 22:07:28,709 [WARN] DbBoardsPdsc:258 - Board STM32H7B3I-DK: unknown feature type=Audio, name=, username=Audio stereo codec with Headphone Amp (CS42L51-CNZ), n=1
2020-12-19 22:07:28,709 [WARN] DbBoardsPdsc:258 - Board STM32H735G-DK: unknown feature type=Audio, name=, username=Audio stereo codec with Headphone Amp (WM8994ECS/R), n=1
2020-12-19 22:07:28,709 [WARN] DbBoardsPdsc:258 - Board STM32H7B3I-EVAL: unknown feature type=Audio, name=, username=Multi-Channel Audio Codec (CS42L51-CNZ), n=1
2020-12-19 22:07:28,709 [WARN] DbBoardsPdsc:258 - Board STM32H7B3I-EVAL: unknown feature type=Meter, name=, username=Power-metering and Temperature-monitoring with sigma-delta modulators, n=1
2020-12-19 22:07:28,709 [WARN] DbBoardsPdsc:258 - Board STM32H7B3I-EVAL: unknown feature type=Motor, name=, username=Motor Control, n=1
2020-12-19 22:07:28,765 [INFO] DbBoardsJson:85 - JSON generation date=Thu Nov 05 17:55:26 EET 2020 (1604588126)
2020-12-19 22:07:28,773 [INFO] DbBoards:117 - Found 152 boards (149 are supported by CubeMX)
2020-12-19 22:07:28,789 [INFO] DbBoardsDocs:145 - JSON generation date=Thu Nov 05 19:05:07 EET 2020 (1604592307)
2020-12-19 22:07:28,818 [INFO] DbBoardsDocs:81 - Found 190 boards documents
2020-12-19 22:07:28,818 [WARN] DbBoards:127 - board B-L462E-CELL1 has no document id list !
2020-12-19 22:07:28,818 [WARN] DbBoards:127 - board B-L475E-IOT01A2 has no document id list !
2020-12-19 22:07:28,818 [WARN] DbBoards:127 - board NUCLEO-G491RE has no document id list !
2020-12-19 22:07:28,818 [WARN] DbBoards:127 - board NUCLEO-H743ZI2 has no document id list !
2020-12-19 22:07:28,818 [WARN] DbBoards:127 - board NUCLEO-WB55RG has no document id list !
2020-12-19 22:07:28,818 [WARN] DbBoards:127 - board P-NUCLEO-WB55-Nucleo has no document id list !
2020-12-19 22:07:28,818 [WARN] DbBoards:127 - board P-NUCLEO-WB55-USBDongle has no document id list !
2020-12-19 22:07:28,818 [WARN] DbBoards:127 - board STEVAL-BFA001V1B has no document id list !
2020-12-19 22:07:28,818 [WARN] DbBoards:127 - board STEVAL-BFA001V2B has no document id list !
2020-12-19 22:07:28,818 [WARN] DbBoards:127 - board STEVAL-IDP005V1 has no document id list !
2020-12-19 22:07:28,818 [WARN] DbBoards:127 - board STEVAL-IDP005V2 has no document id list !
2020-12-19 22:07:28,818 [WARN] DbBoards:127 - board STEVAL-MKSBOX1V1 has no document id list !
2020-12-19 22:07:28,818 [WARN] DbBoards:127 - board STEVAL-STWINKT1 has no document id list !
2020-12-19 22:07:28,818 [WARN] DbBoards:127 - board STM32F401C-DISCO has no document id list !
2020-12-19 22:07:28,826 [WARN] DbBoards:127 - board STM32F769I-DISC1 has no document id list !
2020-12-19 22:07:28,826 [WARN] DbBoards:127 - board STM32G474E-EVAL1 has no document id list !
2020-12-19 22:07:28,826 [WARN] DbBoards:127 - board STM32H743I-EVAL2 has no document id list !
2020-12-19 22:07:28,826 [WARN] DbBoards:127 - board STM32H747I-DISC1 has no document id list !
2020-12-19 22:07:28,826 [WARN] DbBoards:127 - board STM32H753I-EVAL2 has no document id list !
2020-12-19 22:07:28,826 [WARN] DbBoards:127 - board STM32L-DISCOVERY has no document id list !
2020-12-19 22:07:28,829 [WARN] DbBoards:127 - board STM32MP157A-DK1 has no document id list !
2020-12-19 22:07:28,829 [WARN] DbBoards:127 - board STM32MP157F-EV1 has no document id list !
2020-12-19 22:07:28,890 [ERROR] DbBoards:192 - No image file URL for board B-L462E-CELL1
2020-12-19 22:07:30,165 [INFO] ApiDb:201 - Load user favorites file C:\Users\yagmu/.stm32cubemx/favorites.boards.txt: 0 item(s)
2020-12-19 22:07:30,165 [INFO] ApiDb:205 - User favorites Boards=[]
2020-12-19 22:07:30,165 [INFO] DbBoards:206 - Set 0 / 0 favorites Boards
2020-12-19 22:07:35,118 [INFO] McuFinderGlobals:40 - Set McuFinder mode to 2 (CubeIDE integrated)
2020-12-19 22:07:39,889 [INFO] CrossSelectorPresenter:1330 - Cross Selector saved comparison directory: C:\Users\yagmu\.stmcufinder\plugins\mcufinder\mcu\cs_comparisons_mx
2020-12-19 22:07:39,927 [INFO] MultiScanPanel:193 - Auto-refresh data requested => check proxy status ongoing
2020-12-19 22:07:39,927 [INFO] FinderPluginLoader:87 - Searching for filters in installed packs
2020-12-19 22:07:41,286 [INFO] LoadUrlFilesThread:162 - End of LoadServerUrlFiles without Thread
2020-12-19 22:07:41,385 [INFO] DetailPanel:331 - Set advertising image to C:/Users/yagmu/STM32Cube/Repository/\stm32cubemx-promo_image.jpg
2020-12-19 22:07:42,430 [INFO] ServerAccessManage:348 - Download File mcusDocs.json._tmp_
2020-12-19 22:07:43,026 [INFO] LoadUrlFilesThread:135 - End of LoadUrlFiles Thread
2020-12-19 22:07:43,249 [INFO] ServerAccessManage:348 - Download File mcusFeaturesAndDescription.json._tmp_
2020-12-19 22:07:53,579 [INFO] LoadUrlFilesThread:135 - End of LoadUrlFiles Thread
2020-12-19 22:07:53,799 [INFO] ServerAccessManage:348 - Download File boardsDocs.json._tmp_
2020-12-19 22:07:54,968 [INFO] LoadUrlFilesThread:135 - End of LoadUrlFiles Thread
2020-12-19 22:07:55,133 [INFO] ServerAccessManage:348 - Download File boards.json._tmp_
2020-12-19 22:07:55,786 [INFO] LoadUrlFilesThread:135 - End of LoadUrlFiles Thread
2020-12-19 22:07:56,249 [INFO] ServerAccessManage:348 - Download File cube-finder-db.zip
2020-12-19 22:08:17,239 [INFO] FileExtend:225 - Unzip File : cube-finder-db.zip
2020-12-19 22:08:17,239 [INFO] FileExtend:240 - Standard Zip Deflate
2020-12-19 22:08:21,179 [INFO] LoadUrlFilesThread:135 - End of LoadUrlFiles Thread
2020-12-19 22:08:22,394 [INFO] ServerAccessManage:348 - Download File crdb.zip
2020-12-19 22:08:22,427 [INFO] FileExtend:225 - Unzip File : crdb.zip
2020-12-19 22:08:22,427 [INFO] FileExtend:240 - Standard Zip Deflate
2020-12-19 22:08:22,487 [INFO] LoadUrlFilesThread:135 - End of LoadUrlFiles Thread
2020-12-19 22:08:22,841 [INFO] ServerAccessManage:348 - Download File tutoVideoDB.zip
2020-12-19 22:08:23,193 [INFO] FileExtend:225 - Unzip File : tutoVideoDB.zip
2020-12-19 22:08:23,193 [INFO] FileExtend:240 - Standard Zip Deflate
2020-12-19 22:08:23,238 [INFO] LoadUrlFilesThread:135 - End of LoadUrlFiles Thread
2020-12-19 22:08:23,303 [INFO] DbMcusDocs:145 - JSON generation date=Wed Dec 09 20:22:40 EET 2020 (1607534560)
2020-12-19 22:08:23,607 [INFO] DbMcusDocs:81 - Found 612 MCUs documents
2020-12-19 22:08:23,659 [INFO] ApiDb:226 - Save user favorites file C:\Users\yagmu/.stm32cubeide/favorites.mcus.txt: 0 item(s)
2020-12-19 22:08:23,667 [INFO] ApiDb:230 - User favorites MCUs=[]
2020-12-19 22:08:23,667 [INFO] DbMcusXml:100 - Load MCU database from C:\ST\STM32CubeIDE_1.3.0\STM32CubeIDE\plugins\com.st.stm32cube.common.mx_6.0.1.202008101643\\db\/mcu/families.xml
2020-12-19 22:08:25,108 [INFO] DbMcusJson:92 - JSON generation date=Wed Dec 09 20:22:40 EET 2020 (1607534560)
2020-12-19 22:08:26,324 [INFO] DbMcus:175 - Found 1761 MCUs (1722 are supported by CubeMX, 1752 are visible in CubeMX)
2020-12-19 22:08:26,326 [INFO] ApiDb:201 - Load user favorites file C:\Users\yagmu/.stm32cubeide/favorites.mcus.txt: 0 item(s)
2020-12-19 22:08:26,326 [INFO] ApiDb:205 - User favorites MCUs=[]
2020-12-19 22:08:26,326 [INFO] DbMcus:187 - Set 0 / 0 favorites MCUs
2020-12-19 22:08:26,447 [INFO] McuFilterPanel:245 - Update 0 favorites MCUs
2020-12-19 22:08:27,229 [INFO] DbBoardsDocs:145 - JSON generation date=Wed Dec 09 20:22:40 EET 2020 (1607534560)
2020-12-19 22:08:27,277 [INFO] DbBoardsDocs:81 - Found 190 boards documents
2020-12-19 22:08:27,325 [INFO] ApiDb:226 - Save user favorites file C:\Users\yagmu/.stm32cubeide/favorites.boards.txt: 0 item(s)
2020-12-19 22:08:27,325 [INFO] ApiDb:230 - User favorites Boards=[]
2020-12-19 22:08:27,360 [INFO] DbBoardsPdsc:94 - Found 23 items
2020-12-19 22:08:27,410 [INFO] DbBoardsPdsc:94 - Found 9 items
2020-12-19 22:08:27,465 [INFO] DbBoardsPdsc:94 - Found 29 items
2020-12-19 22:08:27,500 [INFO] DbBoardsPdsc:94 - Found 1 items
2020-12-19 22:08:27,560 [INFO] DbBoardsPdsc:94 - Found 44 items
2020-12-19 22:08:27,588 [INFO] DbBoardsPdsc:94 - Found 40 items
2020-12-19 22:08:27,600 [INFO] DbBoardsPdsc:94 - Found 2 items
2020-12-19 22:08:27,615 [INFO] DbBoardsPdsc:94 - Found 4 items
2020-12-19 22:08:27,620 [WARN] DbBoardsPdsc:258 - Board STM32H7B3I-DK: unknown feature type=Audio, name=, username=Audio stereo codec with Headphone Amp (CS42L51-CNZ), n=1
2020-12-19 22:08:27,620 [WARN] DbBoardsPdsc:258 - Board STM32H735G-DK: unknown feature type=Audio, name=, username=Audio stereo codec with Headphone Amp (WM8994ECS/R), n=1
2020-12-19 22:08:27,625 [WARN] DbBoardsPdsc:258 - Board STM32H7B3I-EVAL: unknown feature type=Audio, name=, username=Multi-Channel Audio Codec (CS42L51-CNZ), n=1
2020-12-19 22:08:27,625 [WARN] DbBoardsPdsc:258 - Board STM32H7B3I-EVAL: unknown feature type=Meter, name=, username=Power-metering and Temperature-monitoring with sigma-delta modulators, n=1
2020-12-19 22:08:27,626 [WARN] DbBoardsPdsc:258 - Board STM32H7B3I-EVAL: unknown feature type=Motor, name=, username=Motor Control, n=1
2020-12-19 22:08:27,710 [INFO] DbBoardsJson:85 - JSON generation date=Thu Nov 05 17:55:26 EET 2020 (1604588126)
2020-12-19 22:08:27,730 [INFO] DbBoards:117 - Found 152 boards (149 are supported by CubeMX)
2020-12-19 22:08:27,730 [WARN] DbBoards:127 - board B-L462E-CELL1 has no document id list !
2020-12-19 22:08:27,730 [WARN] DbBoards:127 - board B-L475E-IOT01A2 has no document id list !
2020-12-19 22:08:27,730 [WARN] DbBoards:127 - board NUCLEO-G491RE has no document id list !
2020-12-19 22:08:27,730 [WARN] DbBoards:127 - board NUCLEO-H743ZI2 has no document id list !
2020-12-19 22:08:27,730 [WARN] DbBoards:127 - board NUCLEO-WB55RG has no document id list !
2020-12-19 22:08:27,730 [WARN] DbBoards:127 - board P-NUCLEO-WB55-Nucleo has no document id list !
2020-12-19 22:08:27,730 [WARN] DbBoards:127 - board P-NUCLEO-WB55-USBDongle has no document id list !
2020-12-19 22:08:27,730 [WARN] DbBoards:127 - board STEVAL-BFA001V1B has no document id list !
2020-12-19 22:08:27,730 [WARN] DbBoards:127 - board STEVAL-BFA001V2B has no document id list !
2020-12-19 22:08:27,730 [WARN] DbBoards:127 - board STEVAL-IDP005V1 has no document id list !
2020-12-19 22:08:27,735 [WARN] DbBoards:127 - board STEVAL-IDP005V2 has no document id list !
2020-12-19 22:08:27,735 [WARN] DbBoards:127 - board STEVAL-MKSBOX1V1 has no document id list !
2020-12-19 22:08:27,735 [WARN] DbBoards:127 - board STEVAL-STWINKT1 has no document id list !
2020-12-19 22:08:27,735 [WARN] DbBoards:127 - board STM32F401C-DISCO has no document id list !
2020-12-19 22:08:27,735 [WARN] DbBoards:127 - board STM32F769I-DISC1 has no document id list !
2020-12-19 22:08:27,737 [WARN] DbBoards:127 - board STM32G474E-EVAL1 has no document id list !
2020-12-19 22:08:27,737 [WARN] DbBoards:127 - board STM32H743I-EVAL2 has no document id list !
2020-12-19 22:08:27,737 [WARN] DbBoards:127 - board STM32H747I-DISC1 has no document id list !
2020-12-19 22:08:27,737 [WARN] DbBoards:127 - board STM32H753I-EVAL2 has no document id list !
2020-12-19 22:08:27,737 [WARN] DbBoards:127 - board STM32L-DISCOVERY has no document id list !
2020-12-19 22:08:27,739 [WARN] DbBoards:127 - board STM32MP157A-DK1 has no document id list !
2020-12-19 22:08:27,740 [WARN] DbBoards:127 - board STM32MP157F-EV1 has no document id list !
2020-12-19 22:08:27,825 [ERROR] DbBoards:192 - No image file URL for board B-L462E-CELL1
2020-12-19 22:08:30,358 [INFO] ApiDb:201 - Load user favorites file C:\Users\yagmu/.stm32cubeide/favorites.boards.txt: 0 item(s)
2020-12-19 22:08:30,358 [INFO] ApiDb:205 - User favorites Boards=[]
2020-12-19 22:08:30,358 [INFO] DbBoards:206 - Set 0 / 0 favorites Boards
2020-12-19 22:08:30,599 [INFO] LoadUrlFilesThread:162 - End of LoadServerUrlFiles without Thread
2020-12-19 22:08:30,599 [INFO] MultiScanPanel:787 - Refresh data is succesful
2020-12-19 22:08:30,684 [INFO] McuFilterPanel:245 - Update 0 favorites MCUs
2020-12-19 22:11:13,875 [INFO] MultiScanPanel:193 - Auto-refresh data requested => check proxy status ongoing
2020-12-19 22:11:13,994 [INFO] LoadUrlFilesThread:162 - End of LoadServerUrlFiles without Thread
2020-12-19 22:11:13,994 [INFO] DetailPanel:331 - Set advertising image to C:/Users/yagmu/STM32Cube/Repository/\stm32cubemx-promo_image.jpg
2020-12-19 22:11:14,049 [INFO] BoardFilterPanel:214 - Update 0 favorites Boards
2020-12-19 22:16:08,069 [INFO] LogOutputStream:76 - [STDOUT_REDIRECT] withoutVersionV1.25.2
2020-12-19 22:16:08,077 [INFO] LogOutputStream:76 - [STDOUT_REDIRECT] withoutVersionV1.25.1
2020-12-19 22:16:08,077 [INFO] LogOutputStream:76 - [STDOUT_REDIRECT] withoutVersionV1.25.0
2020-12-19 22:16:45,929 [INFO] ApiDb:226 - Save user favorites file C:\Users\yagmu/.stm32cubeide/favorites.mcus.txt: 0 item(s)
2020-12-19 22:16:45,929 [INFO] ApiDb:230 - User favorites MCUs=[]
2020-12-19 22:16:45,940 [INFO] ApiDb:226 - Save user favorites file C:\Users\yagmu/.stm32cubeide/favorites.boards.txt: 0 item(s)
2020-12-19 22:16:45,940 [INFO] ApiDb:230 - User favorites Boards=[]
2020-12-19 23:01:53,850 [INFO] MainUpdater:2268 - connection check result : 10
2020-12-19 23:01:56,087 [INFO] McuFinderGlobals:40 - Set McuFinder mode to 2 (CubeIDE integrated)
2020-12-19 23:01:58,219 [INFO] CrossSelectorPresenter:1330 - Cross Selector saved comparison directory: C:\Users\yagmu\.stmcufinder\plugins\mcufinder\mcu\cs_comparisons_mx
2020-12-19 23:01:58,259 [INFO] MultiScanPanel:193 - Auto-refresh data requested => check proxy status ongoing
2020-12-19 23:01:58,329 [INFO] FinderPluginLoader:87 - Searching for filters in installed packs
2020-12-19 23:02:01,559 [INFO] LoadUrlFilesThread:162 - End of LoadServerUrlFiles without Thread
2020-12-19 23:02:01,575 [INFO] DetailPanel:331 - Set advertising image to C:/Users/yagmu/STM32Cube/Repository/\stm32cubemx-promo_image.jpg
2020-12-19 23:02:05,259 [INFO] McuFilterPanel:245 - Update 0 favorites MCUs
2020-12-19 23:02:12,779 [INFO] MultiScanPanel:193 - Auto-refresh data requested => check proxy status ongoing
2020-12-19 23:02:13,109 [INFO] LoadUrlFilesThread:162 - End of LoadServerUrlFiles without Thread
2020-12-19 23:02:13,109 [INFO] DetailPanel:331 - Set advertising image to C:/Users/yagmu/STM32Cube/Repository/\stm32cubemx-promo_image.jpg
2020-12-19 23:02:13,189 [INFO] BoardFilterPanel:214 - Update 0 favorites Boards
2020-12-19 23:06:16,244 [INFO] LogOutputStream:76 - [STDOUT_REDIRECT] withoutVersionV1.25.2
2020-12-19 23:06:16,280 [INFO] LogOutputStream:76 - [STDOUT_REDIRECT] withoutVersionV1.25.1
2020-12-19 23:06:16,296 [INFO] LogOutputStream:76 - [STDOUT_REDIRECT] withoutVersionV1.25.0
2020-12-19 23:06:56,893 [INFO] ApiDb:226 - Save user favorites file C:\Users\yagmu/.stm32cubeide/favorites.mcus.txt: 0 item(s)
2020-12-19 23:06:56,893 [INFO] ApiDb:230 - User favorites MCUs=[]
2020-12-19 23:06:56,904 [INFO] ApiDb:226 - Save user favorites file C:\Users\yagmu/.stm32cubeide/favorites.boards.txt: 0 item(s)
2020-12-19 23:06:56,904 [INFO] ApiDb:230 - User favorites Boards=[]
2020-12-20 14:08:20,815 [INFO] Activator:178 - 


2020-12-20 14:08:20,963 [INFO] Activator:179 - !SESSION log4j initialized
2020-12-25 13:06:49,428 [INFO] Activator:178 - 


2020-12-25 13:06:49,514 [INFO] Activator:179 - !SESSION log4j initialized
2020-12-28 17:13:45,464 [INFO] Activator:178 - 


2020-12-28 17:13:45,539 [INFO] Activator:179 - !SESSION log4j initialized
2020-12-29 10:57:11,155 [INFO] Activator:178 - 


2020-12-29 10:57:11,232 [INFO] Activator:179 - !SESSION log4j initialized
2020-12-29 22:16:04,281 [INFO] Activator:178 - 


2020-12-29 22:16:05,090 [INFO] Activator:179 - !SESSION log4j initialized
2020-12-30 14:00:42,396 [INFO] Activator:178 - 


2020-12-30 14:00:42,459 [INFO] Activator:179 - !SESSION log4j initialized
2021-01-13 16:36:08,044 [INFO] Activator:178 - 


2021-01-13 16:36:08,444 [INFO] Activator:179 - !SESSION log4j initialized
